<?xml version="1.0" encoding="UTF-8"?>
<!-- Generated by org.testng.reporters.JUnitReportReporter -->
<testsuite hostname="Mosab" failures="0" tests="4" name="mobileTesting.MyTestCases" time="37.373" errors="0" timestamp="2024-11-17T22:43:41 EET" skipped="3">
  <testcase classname="mobileTesting.MyTestCases" name="clickEvenNum" time="37.373"/>
  <system-out/>
  <testcase classname="mobileTesting.MyTestCases" name="clickAllBtn">
    <skipped/>
  </testcase> <!-- clickAllBtn -->
  <system-out/>
  <testcase classname="mobileTesting.MyTestCases" name="clickNumBtn">
    <skipped/>
  </testcase> <!-- clickNumBtn -->
  <system-out/>
  <testcase classname="mobileTesting.MyTestCases" name="addTwoNum">
    <skipped/>
  </testcase> <!-- addTwoNum -->
  <system-out/>
</testsuite> <!-- mobileTesting.MyTestCases -->
